Building DAG of jobs...
Retrieving input from storage.
Using shell: /usr/bin/bash
Provided cores: 2
Rules claiming more threads will be scaled down.
Job stats:
job           count
----------  -------
check_rfam        1
total             1

Select jobs to execute...
Execute 1 jobs...

[Tue Dec 26 06:07:13 2023]
localrule check_rfam:
    input: /home/rnahub/rnahub/db/rfam/Rfam.cm, /home/pearljen/repo/rnahub/example/example.fa, /home/rnahub/rnahub/db/rfam/Rfam.seed.gz
    output: /home/pearljen/test/used_config.txt
    jobid: 0
    reason: Missing output files: /home/pearljen/test/used_config.txt
    resources: tmpdir=/tmp

[Tue Dec 26 06:07:14 2023]
Finished job 0.
1 of 1 steps (100%) done
Complete log: .snakemake/log/2023-12-26T060713.611579.snakemake.log
