Building DAG of jobs...
Retrieving input from storage.
Using shell: /usr/bin/bash
Provided cores: 2
Rules claiming more threads will be scaled down.
Job stats:
job           count
----------  -------
check_rfam        1
total             1

Select jobs to execute...
Execute 1 jobs...

[Sun Dec 24 03:20:49 2023]
localrule check_rfam:
    input: /home/rnahub/rnahub/db/rfam/Rfam.cm, /home/pearljen/repo/ncbi_database_calls/src/rfam_calls/scripts/example/example.fa, /home/rnahub/rnahub/db/rfam/Rfam.seed.gz
    output: /home/pearljen/test/search_works9.txt
    jobid: 0
    reason: Missing output files: /home/pearljen/test/search_works9.txt
    resources: tmpdir=/tmp

[Sun Dec 24 03:20:49 2023]
Error in rule check_rfam:
    jobid: 0
    input: /home/rnahub/rnahub/db/rfam/Rfam.cm, /home/pearljen/repo/ncbi_database_calls/src/rfam_calls/scripts/example/example.fa, /home/rnahub/rnahub/db/rfam/Rfam.seed.gz
    output: /home/pearljen/test/search_works9.txt
    shell:
        python3 /home/pearljen/repo/rnahub/search_rfam.py --rfam /home/rnahub/rnahub/db/rfam/Rfam.cm --fasta /home/pearljen/repo/ncbi_database_calls/src/rfam_calls/scripts/example/example.fa --seed /home/rnahub/rnahub/db/rfam/Rfam.seed.gz > /home/pearljen/test/search_works9.txt
        (one of the commands exited with non-zero exit code; note that snakemake uses bash strict mode!)

Removing output files of failed job check_rfam since they might be corrupted:
/home/pearljen/test/search_works9.txt
Shutting down, this might take some time.
Exiting because a job execution failed. Look above for error message
Complete log: .snakemake/log/2023-12-24T032049.419534.snakemake.log
WorkflowError:
At least one job did not complete successfully.
