Building DAG of jobs...
Retrieving input from storage.
Using shell: /usr/bin/bash
Provided cores: 2
Rules claiming more threads will be scaled down.
Job stats:
job           count
----------  -------
check_rfam        1
total             1

Select jobs to execute...
Execute 1 jobs...

[Sun Dec 24 03:23:36 2023]
localrule check_rfam:
    input: /home/rnahub/rnahub/db/rfam/Rfam.cm, /home/pearljen/repo/ncbi_database_calls/src/rfam_calls/scripts/example/example.fa, /home/rnahub/rnahub/db/rfam/Rfam.seed.gz
    output: /home/pearljen/test/search_works9.txt
    jobid: 0
    reason: Missing output files: /home/pearljen/test/search_works9.txt
    resources: tmpdir=/tmp

[Sun Dec 24 03:23:37 2023]
Finished job 0.
1 of 1 steps (100%) done
Complete log: .snakemake/log/2023-12-24T032336.061254.snakemake.log
