Building DAG of jobs...
Retrieving input from storage.
Using shell: /usr/bin/bash
Provided cores: 1 (use --cores to define parallelism)
Rules claiming more threads will be scaled down.
Job stats:
job        count
-------  -------
bwa_map        1
total          1

Select jobs to execute...
Execute 1 jobs...

[Sun Dec 24 01:51:28 2023]
localrule bwa_map:
    input: /home/rnahub/rnahub/db/rfam/Rfam.cm, /home/pearljen/repo/ncbi_database_calls/src/rfam_calls/scripts/example/example.fa, /home/rnahub/rnahub/db/rfam/Rfam.seed.gz
    output: /home/pearljen/test/search_works.txt
    jobid: 0
    reason: Missing output files: /home/pearljen/test/search_works.txt
    resources: tmpdir=/tmp

[Sun Dec 24 01:51:29 2023]
Finished job 0.
1 of 1 steps (100%) done
Complete log: .snakemake/log/2023-12-24T015128.210772.snakemake.log
