Building DAG of jobs...
Retrieving input from storage.
Using shell: /usr/bin/bash
Provided cores: 2
Rules claiming more threads will be scaled down.
Job stats:
job           count
----------  -------
all               1
check_rfam        1
total             2

Select jobs to execute...
Execute 1 jobs...

[Wed Dec 27 21:30:30 2023]
localrule check_rfam:
    input: /home/rnahub/rnahub/db/rfam/Rfam.cm, /home/pearljen/repo/rnahub/example/example.fa, /home/rnahub/rnahub/db/rfam/Rfam.seed.gz
    output: example/rfam_result.txt
    jobid: 1
    reason: Missing output files: example/rfam_result.txt
    resources: tmpdir=/tmp

[Wed Dec 27 21:30:32 2023]
Finished job 1.
1 of 2 steps (50%) done
Select jobs to execute...
Execute 1 jobs...

[Wed Dec 27 21:30:32 2023]
localrule all:
    input: example/rfam_result.txt
    jobid: 0
    reason: Input files updated by another job: example/rfam_result.txt
    resources: tmpdir=/tmp

[Wed Dec 27 21:30:32 2023]
Finished job 0.
2 of 2 steps (100%) done
Complete log: .snakemake/log/2023-12-27T213030.216219.snakemake.log
