Building DAG of jobs...
Retrieving input from storage.
Using shell: /usr/bin/bash
Provided cores: 2
Rules claiming more threads will be scaled down.
Job stats:
job            count
-----------  -------
all                1
check_blast        1
total              2

Select jobs to execute...
Execute 1 jobs...

[Wed Dec 27 22:21:01 2023]
localrule check_blast:
    input: /home/pearljen/repo/rnahub/example/example.fa
    output: example/blast_result.txt
    jobid: 2
    reason: Missing output files: example/blast_result.txt
    resources: tmpdir=/tmp

[Wed Dec 27 22:21:01 2023]
Finished job 2.
1 of 2 steps (50%) done
Select jobs to execute...
Execute 1 jobs...

[Wed Dec 27 22:21:01 2023]
localrule all:
    input: example/rfam_result.txt, example/blast_result.txt
    jobid: 0
    reason: Input files updated by another job: example/blast_result.txt
    resources: tmpdir=/tmp

[Wed Dec 27 22:21:01 2023]
Finished job 0.
2 of 2 steps (100%) done
Complete log: .snakemake/log/2023-12-27T222101.430910.snakemake.log
