Building DAG of jobs...
Retrieving input from storage.
Using shell: /usr/bin/bash
Provided cores: 2
Rules claiming more threads will be scaled down.
Job stats:
job           count
----------  -------
all               1
check_rfam        1
total             2

Select jobs to execute...
Execute 1 jobs...

[Sun Jan  7 01:08:55 2024]
localrule check_rfam:
    input: /home/rnahub/rnahub/db/rfam/Rfam.cm, /home/pearljen/repo/rnahub/example/example.fa, /home/rnahub/rnahub/db/rfam/Rfam.seed.gz
    output: results/rfam_result.txt
    jobid: 1
    reason: Missing output files: results/rfam_result.txt
    resources: tmpdir=/tmp

[Sun Jan  7 01:08:55 2024]
Error in rule check_rfam:
    jobid: 1
    input: /home/rnahub/rnahub/db/rfam/Rfam.cm, /home/pearljen/repo/rnahub/example/example.fa, /home/rnahub/rnahub/db/rfam/Rfam.seed.gz
    output: results/rfam_result.txt
    shell:
        python3 /home/pearljen/repo/rnahub/search_rfam.py --rfam /home/rnahub/rnahub/db/rfam/Rfam.cm --fasta /home/pearljen/repo/rnahub/example/example.fa --seed /home/rnahub/rnahub/db/rfam/Rfam.seed.gz > results/rfam_result.txt
        (one of the commands exited with non-zero exit code; note that snakemake uses bash strict mode!)

Removing output files of failed job check_rfam since they might be corrupted:
results/rfam_result.txt
Shutting down, this might take some time.
Exiting because a job execution failed. Look above for error message
Complete log: .snakemake/log/2024-01-07T010855.447143.snakemake.log
WorkflowError:
At least one job did not complete successfully.
